<?xml version="1.0" encoding="UTF-8"?>
<!-- Generated by org.testng.reporters.JUnitReportReporter -->
<testsuite skipped="0" hostname="DESKTOP-T86EE9C" name="testCases.TC_001_Login" tests="1" failures="0" timestamp="28 Dec 2021 03:16:53 GMT" time="20.347" errors="0">
  <testcase name="loginHRM" time="20.347" classname="testCases.TC_001_Login"/>
</testsuite> <!-- testCases.TC_001_Login -->
