<?xml version="1.0" encoding="UTF-8"?>
<!-- Generated by org.testng.reporters.JUnitReportReporter -->
<testsuite skipped="0" hostname="DESKTOP-T86EE9C" name="testCases.TC_001_Login" tests="1" failures="0" timestamp="28 Dec 2021 09:42:02 GMT" time="19.196" errors="0">
  <testcase name="loginHRM" time="19.196" classname="testCases.TC_001_Login"/>
</testsuite> <!-- testCases.TC_001_Login -->
